2026-01-03 19:51:39,313 INFO o.a.j.u.JMeterUtils: Setting Locale to en_EN
2026-01-03 19:51:39,388 INFO o.a.j.JMeter: Loading user properties from: /Users/osariemenobasuyi/jmeter-test-plan-oobasuyi314/apache-jmeter-5.6.3/bin/user.properties
2026-01-03 19:51:39,389 INFO o.a.j.JMeter: Loading system properties from: /Users/osariemenobasuyi/jmeter-test-plan-oobasuyi314/apache-jmeter-5.6.3/bin/system.properties
2026-01-03 19:51:39,402 INFO o.a.j.JMeter: Copyright (c) 1998-2024 The Apache Software Foundation
2026-01-03 19:51:39,402 INFO o.a.j.JMeter: Version 5.6.3
2026-01-03 19:51:39,402 INFO o.a.j.JMeter: java.version=25.0.1
2026-01-03 19:51:39,402 INFO o.a.j.JMeter: java.vm.name=Java HotSpot(TM) 64-Bit Server VM
2026-01-03 19:51:39,402 INFO o.a.j.JMeter: os.name=Mac OS X
2026-01-03 19:51:39,403 INFO o.a.j.JMeter: os.arch=x86_64
2026-01-03 19:51:39,403 INFO o.a.j.JMeter: os.version=11.7.10
2026-01-03 19:51:39,403 INFO o.a.j.JMeter: file.encoding=UTF-8
2026-01-03 19:51:39,403 INFO o.a.j.JMeter: java.awt.headless=null
2026-01-03 19:51:39,403 INFO o.a.j.JMeter: Max memory     =1073741824
2026-01-03 19:51:39,403 INFO o.a.j.JMeter: Available Processors =4
2026-01-03 19:51:39,449 INFO o.a.j.JMeter: Default Locale=English (EN)
2026-01-03 19:51:39,450 INFO o.a.j.JMeter: JMeter  Locale=English (EN)
2026-01-03 19:51:39,450 INFO o.a.j.JMeter: JMeterHome=/Users/osariemenobasuyi/jmeter-test-plan-oobasuyi314/apache-jmeter-5.6.3
2026-01-03 19:51:39,450 INFO o.a.j.JMeter: user.dir  =/Users/osariemenobasuyi/jmeter-test-plan-oobasuyi314/apache-jmeter-5.6.3
2026-01-03 19:51:39,450 INFO o.a.j.JMeter: PWD       =/Users/osariemenobasuyi/jmeter-test-plan-oobasuyi314/apache-jmeter-5.6.3
2026-01-03 19:51:39,502 INFO o.a.j.JMeter: IP: 192.168.1.24 Name: Osariemens-MacBook-Air.local FullName: 192.168.1.24
2026-01-03 19:51:39,585 INFO o.a.j.JMeter: Loaded icon properties from org/apache/jmeter/images/icon.properties
2026-01-03 19:51:41,472 INFO o.a.j.JMeterGuiLauncher: Setting LAF to: com.github.weisj.darklaf.DarkLaf:com.github.weisj.darklaf.theme.DarculaTheme
2026-01-03 19:53:54,135 INFO o.a.j.s.FileServer: Default base='/Users/osariemenobasuyi/jmeter-test-plan-oobasuyi314/apache-jmeter-5.6.3'
2026-01-03 19:56:52,495 INFO o.a.j.p.h.s.HTTPSamplerBase: Parser for text/html is org.apache.jmeter.protocol.http.parser.LagartoBasedHtmlParser
2026-01-03 19:56:52,496 INFO o.a.j.p.h.s.HTTPSamplerBase: Parser for application/xhtml+xml is org.apache.jmeter.protocol.http.parser.LagartoBasedHtmlParser
2026-01-03 19:56:52,496 INFO o.a.j.p.h.s.HTTPSamplerBase: Parser for application/xml is org.apache.jmeter.protocol.http.parser.LagartoBasedHtmlParser
2026-01-03 19:56:52,496 INFO o.a.j.p.h.s.HTTPSamplerBase: Parser for text/xml is org.apache.jmeter.protocol.http.parser.LagartoBasedHtmlParser
2026-01-03 19:56:52,496 INFO o.a.j.p.h.s.HTTPSamplerBase: Parser for text/vnd.wap.wml is org.apache.jmeter.protocol.http.parser.RegexpHTMLParser
2026-01-03 19:56:52,496 INFO o.a.j.p.h.s.HTTPSamplerBase: Parser for text/css is org.apache.jmeter.protocol.http.parser.CssParser
2026-01-03 20:25:28,479 INFO o.a.j.s.SampleResult: Note: Sample TimeStamps are START times
2026-01-03 20:25:28,480 INFO o.a.j.s.SampleResult: sampleresult.default.encoding is set to UTF-8
2026-01-03 20:25:28,480 INFO o.a.j.s.SampleResult: sampleresult.useNanoTime=true
2026-01-03 20:25:28,480 INFO o.a.j.s.SampleResult: sampleresult.nanoThreadSleep=5000
2026-01-03 20:26:56,520 INFO o.a.j.s.FileServer: Set new base='/Users/osariemenobasuyi/jmeter-test-plan-oobasuyi314/apache-jmeter-5.6.3'
2026-01-03 20:26:56,959 INFO o.a.j.s.SaveService: Testplan (JMX) version: 2.2. Testlog (JTL) version: 2.2
2026-01-03 20:26:56,995 INFO o.a.j.s.SaveService: Using SaveService properties version 5.0
2026-01-03 20:26:56,998 INFO o.a.j.s.SaveService: Using SaveService properties file encoding UTF-8
2026-01-03 20:27:21,985 INFO o.a.j.e.StandardJMeterEngine: Running the test!
2026-01-03 20:27:21,987 INFO o.a.j.s.SampleEvent: List of sample_variables: []
2026-01-03 20:27:21,987 INFO o.a.j.s.SampleEvent: List of sample_variables: []
2026-01-03 20:27:21,989 INFO o.a.j.e.u.CompoundVariable: Note: Function class names must contain the string: '.functions.'
2026-01-03 20:27:21,989 INFO o.a.j.e.u.CompoundVariable: Note: Function class names must not contain the string: '.gui.'
2026-01-03 20:27:22,112 INFO o.a.j.g.u.JMeterMenuBar: setRunning(true, *local*)
2026-01-03 20:27:22,251 INFO o.a.j.e.StandardJMeterEngine: Starting ThreadGroup: 1 : Thread Group
2026-01-03 20:27:22,252 INFO o.a.j.e.StandardJMeterEngine: Starting 10 threads for group Thread Group.
2026-01-03 20:27:22,252 INFO o.a.j.e.StandardJMeterEngine: Thread will continue on error
2026-01-03 20:27:22,252 INFO o.a.j.t.ThreadGroup: Starting thread group... number=1 threads=10 ramp-up=5 delayedStart=false
2026-01-03 20:27:22,260 INFO o.a.j.t.JMeterThread: Thread started: Thread Group 1-1
2026-01-03 20:27:22,270 INFO o.a.j.t.ThreadGroup: Started thread group number 1
2026-01-03 20:27:22,271 INFO o.a.j.e.StandardJMeterEngine: All thread groups have been started
2026-01-03 20:27:22,299 INFO o.a.j.p.h.s.HTTPHCAbstractImpl: Local host = Osariemens-MacBook-Air.local
2026-01-03 20:27:22,322 INFO o.a.j.p.h.s.HTTPHC4Impl: HTTP request retry count = 0
2026-01-03 20:27:22,528 INFO o.a.j.p.h.s.h.LazyLayeredConnectionSocketFactory: Setting up HTTPS TrustAll Socket Factory
2026-01-03 20:27:22,537 INFO o.a.j.u.JsseSSLManager: Using default SSL protocol: TLS
2026-01-03 20:27:22,537 INFO o.a.j.u.JsseSSLManager: SSL session context: per-thread
2026-01-03 20:27:22,756 INFO o.a.j.t.JMeterThread: Thread started: Thread Group 1-2
2026-01-03 20:27:22,828 INFO o.a.j.u.SSLManager: JmeterKeyStore Location:  type JKS
2026-01-03 20:27:22,836 INFO o.a.j.u.SSLManager: KeyStore created OK
2026-01-03 20:27:22,836 WARN o.a.j.u.SSLManager: Keystore file not found, loading empty keystore
2026-01-03 20:27:23,254 INFO o.a.j.t.JMeterThread: Thread started: Thread Group 1-3
2026-01-03 20:27:23,759 INFO o.a.j.t.JMeterThread: Thread started: Thread Group 1-4
2026-01-03 20:27:24,257 INFO o.a.j.t.JMeterThread: Thread started: Thread Group 1-5
2026-01-03 20:27:24,357 INFO o.a.j.t.JMeterThread: Thread is done: Thread Group 1-2
2026-01-03 20:27:24,357 INFO o.a.j.t.JMeterThread: Thread finished: Thread Group 1-2
2026-01-03 20:27:24,756 INFO o.a.j.t.JMeterThread: Thread started: Thread Group 1-6
2026-01-03 20:27:24,970 INFO o.a.j.t.JMeterThread: Thread is done: Thread Group 1-1
2026-01-03 20:27:24,970 INFO o.a.j.t.JMeterThread: Thread finished: Thread Group 1-1
2026-01-03 20:27:25,046 INFO o.a.j.t.JMeterThread: Thread is done: Thread Group 1-4
2026-01-03 20:27:25,047 INFO o.a.j.t.JMeterThread: Thread finished: Thread Group 1-4
2026-01-03 20:27:25,258 INFO o.a.j.t.JMeterThread: Thread started: Thread Group 1-7
2026-01-03 20:27:25,557 INFO o.a.j.t.JMeterThread: Thread is done: Thread Group 1-6
2026-01-03 20:27:25,557 INFO o.a.j.t.JMeterThread: Thread finished: Thread Group 1-6
2026-01-03 20:27:25,756 INFO o.a.j.t.JMeterThread: Thread started: Thread Group 1-8
2026-01-03 20:27:26,172 INFO o.a.j.t.JMeterThread: Thread is done: Thread Group 1-3
2026-01-03 20:27:26,173 INFO o.a.j.t.JMeterThread: Thread finished: Thread Group 1-3
2026-01-03 20:27:26,255 INFO o.a.j.t.JMeterThread: Thread started: Thread Group 1-9
2026-01-03 20:27:26,531 INFO o.a.j.t.JMeterThread: Thread is done: Thread Group 1-7
2026-01-03 20:27:26,531 INFO o.a.j.t.JMeterThread: Thread finished: Thread Group 1-7
2026-01-03 20:27:26,701 INFO o.a.j.t.JMeterThread: Thread is done: Thread Group 1-5
2026-01-03 20:27:26,702 INFO o.a.j.t.JMeterThread: Thread finished: Thread Group 1-5
2026-01-03 20:27:26,758 INFO o.a.j.t.JMeterThread: Thread started: Thread Group 1-10
2026-01-03 20:27:27,429 INFO o.a.j.t.JMeterThread: Thread is done: Thread Group 1-8
2026-01-03 20:27:27,429 INFO o.a.j.t.JMeterThread: Thread finished: Thread Group 1-8
2026-01-03 20:27:27,953 INFO o.a.j.t.JMeterThread: Thread is done: Thread Group 1-10
2026-01-03 20:27:27,954 INFO o.a.j.t.JMeterThread: Thread finished: Thread Group 1-10
2026-01-03 20:27:28,612 INFO o.a.j.t.JMeterThread: Thread is done: Thread Group 1-9
2026-01-03 20:27:28,613 INFO o.a.j.t.JMeterThread: Thread finished: Thread Group 1-9
2026-01-03 20:27:28,614 INFO o.a.j.e.StandardJMeterEngine: Notifying test listeners of end of test
2026-01-03 20:27:28,614 INFO o.a.j.g.u.JMeterMenuBar: setRunning(false, *local*)
2026-01-03 20:27:49,868 INFO o.a.j.e.StandardJMeterEngine: Running the test!
2026-01-03 20:27:49,871 INFO o.a.j.s.SampleEvent: List of sample_variables: []
2026-01-03 20:27:49,872 INFO o.a.j.g.u.JMeterMenuBar: setRunning(true, *local*)
2026-01-03 20:27:49,960 INFO o.a.j.e.StandardJMeterEngine: Starting ThreadGroup: 1 : Thread Group
2026-01-03 20:27:49,961 INFO o.a.j.e.StandardJMeterEngine: Starting 10 threads for group Thread Group.
2026-01-03 20:27:49,961 INFO o.a.j.e.StandardJMeterEngine: Thread will continue on error
2026-01-03 20:27:49,961 INFO o.a.j.t.ThreadGroup: Starting thread group... number=1 threads=10 ramp-up=5 delayedStart=false
2026-01-03 20:27:49,965 INFO o.a.j.t.JMeterThread: Thread started: Thread Group 1-1
2026-01-03 20:27:49,978 INFO o.a.j.t.ThreadGroup: Started thread group number 1
2026-01-03 20:27:49,979 INFO o.a.j.e.StandardJMeterEngine: All thread groups have been started
2026-01-03 20:27:50,466 INFO o.a.j.t.JMeterThread: Thread started: Thread Group 1-2
2026-01-03 20:27:50,967 INFO o.a.j.t.JMeterThread: Thread started: Thread Group 1-3
2026-01-03 20:27:51,468 INFO o.a.j.t.JMeterThread: Thread started: Thread Group 1-4
2026-01-03 20:27:51,524 INFO o.a.j.t.JMeterThread: Thread is done: Thread Group 1-1
2026-01-03 20:27:51,524 INFO o.a.j.t.JMeterThread: Thread finished: Thread Group 1-1
2026-01-03 20:27:51,743 INFO o.a.j.t.JMeterThread: Thread is done: Thread Group 1-2
2026-01-03 20:27:51,744 INFO o.a.j.t.JMeterThread: Thread finished: Thread Group 1-2
2026-01-03 20:27:51,969 INFO o.a.j.t.JMeterThread: Thread started: Thread Group 1-5
2026-01-03 20:27:52,463 INFO o.a.j.t.JMeterThread: Thread started: Thread Group 1-6
2026-01-03 20:27:52,964 INFO o.a.j.t.JMeterThread: Thread started: Thread Group 1-7
2026-01-03 20:27:52,968 INFO o.a.j.t.JMeterThread: Thread is done: Thread Group 1-3
2026-01-03 20:27:52,968 INFO o.a.j.t.JMeterThread: Thread finished: Thread Group 1-3
2026-01-03 20:27:53,016 INFO o.a.j.t.JMeterThread: Thread is done: Thread Group 1-4
2026-01-03 20:27:53,017 INFO o.a.j.t.JMeterThread: Thread finished: Thread Group 1-4
2026-01-03 20:27:53,466 INFO o.a.j.t.JMeterThread: Thread started: Thread Group 1-8
2026-01-03 20:27:53,945 INFO o.a.j.t.JMeterThread: Thread is done: Thread Group 1-7
2026-01-03 20:27:53,946 INFO o.a.j.t.JMeterThread: Thread finished: Thread Group 1-7
2026-01-03 20:27:53,965 INFO o.a.j.t.JMeterThread: Thread started: Thread Group 1-9
2026-01-03 20:27:53,984 INFO o.a.j.t.JMeterThread: Thread is done: Thread Group 1-5
2026-01-03 20:27:53,985 INFO o.a.j.t.JMeterThread: Thread finished: Thread Group 1-5
2026-01-03 20:27:54,464 INFO o.a.j.t.JMeterThread: Thread started: Thread Group 1-10
2026-01-03 20:27:54,818 INFO o.a.j.t.JMeterThread: Thread is done: Thread Group 1-6
2026-01-03 20:27:54,818 INFO o.a.j.t.JMeterThread: Thread finished: Thread Group 1-6
2026-01-03 20:27:55,018 INFO o.a.j.t.JMeterThread: Thread is done: Thread Group 1-8
2026-01-03 20:27:55,018 INFO o.a.j.t.JMeterThread: Thread finished: Thread Group 1-8
2026-01-03 20:27:55,068 INFO o.a.j.t.JMeterThread: Thread is done: Thread Group 1-9
2026-01-03 20:27:55,068 INFO o.a.j.t.JMeterThread: Thread finished: Thread Group 1-9
2026-01-03 20:27:55,181 INFO o.a.j.t.JMeterThread: Thread is done: Thread Group 1-10
2026-01-03 20:27:55,181 INFO o.a.j.t.JMeterThread: Thread finished: Thread Group 1-10
2026-01-03 20:27:55,183 INFO o.a.j.e.StandardJMeterEngine: Notifying test listeners of end of test
2026-01-03 20:27:55,183 INFO o.a.j.g.u.JMeterMenuBar: setRunning(false, *local*)
